=== check: pytest main.py ===
PASSED
============================= test session starts ==============================
platform linux -- Python 3.12.3, pytest-9.0.3, pluggy-1.6.0
rootdir: /localdev/svuckovic/_workspace/repos/project-alchemy/ttnn-models/briaai/FIBO/model/graph_0
plugins: jaxtyping-0.3.9, metadata-3.1.1, forked-1.6.0, anyio-4.13.0, json-report-1.5.0, split-0.11.0
collected 1 item

main.py .

=============================== warnings summary ===============================
<frozen importlib._bootstrap>:488
  <frozen importlib._bootstrap>:488: RuntimeWarning: nanobind: type 'pad_t' was already registered!

<frozen importlib._bootstrap>:488
  <frozen importlib._bootstrap>:488: RuntimeWarning: nanobind: type 'tilize_t' was already registered!

<frozen importlib._bootstrap>:488
  <frozen importlib._bootstrap>:488: RuntimeWarning: nanobind: type 'move_t' was already registered!

<frozen importlib._bootstrap>:488
  <frozen importlib._bootstrap>:488: RuntimeWarning: nanobind: type 'untilize_with_unpadding_t' was already registered!

<frozen importlib._bootstrap>:488
  <frozen importlib._bootstrap>:488: RuntimeWarning: nanobind: type 'slice_t' was already registered!

<frozen importlib._bootstrap>:488
  <frozen importlib._bootstrap>:488: RuntimeWarning: nanobind: type 'transpose_t' was already registered!

<frozen importlib._bootstrap>:488
  <frozen importlib._bootstrap>:488: RuntimeWarning: nanobind: type 'reshard_t' was already registered!

<frozen importlib._bootstrap>:488
  <frozen importlib._bootstrap>:488: RuntimeWarning: nanobind: type 'conv2d_t' was already registered!

<frozen importlib._bootstrap>:488
  <frozen importlib._bootstrap>:488: RuntimeWarning: nanobind: type 'max_pool2d_t' was already registered!

<frozen importlib._bootstrap>:488
  <frozen importlib._bootstrap>:488: RuntimeWarning: nanobind: type 'avg_pool2d_t' was already registered!

<frozen importlib._bootstrap>:488
  <frozen importlib._bootstrap>:488: RuntimeWarning: nanobind: type 'matmul_t' was already registered!

<frozen importlib._bootstrap>:488
  <frozen importlib._bootstrap>:488: RuntimeWarning: nanobind: type 'linear_t' was already registered!

<frozen importlib._bootstrap>:488
  <frozen importlib._bootstrap>:488: RuntimeWarning: nanobind: type 'matmul_batched_weights_t' was already registered!

<frozen importlib._bootstrap>:488
  <frozen importlib._bootstrap>:488: RuntimeWarning: nanobind: type 'addmm_t' was already registered!

<frozen importlib._bootstrap>:488
  <frozen importlib._bootstrap>:488: RuntimeWarning: nanobind: type 'sparse_matmul_t' was already registered!

<frozen importlib._bootstrap>:488
  <frozen importlib._bootstrap>:488: RuntimeWarning: nanobind: type 'remainder_t' was already registered!

<frozen importlib._bootstrap>:488
  <frozen importlib._bootstrap>:488: RuntimeWarning: nanobind: type 'add_t' was already registered!

<frozen importlib._bootstrap>:488
  <frozen importlib._bootstrap>:488: RuntimeWarning: nanobind: type 'add__t' was already registered!

<frozen importlib._bootstrap>:488
  <frozen importlib._bootstrap>:488: RuntimeWarning: nanobind: type 'subtract_t' was already registered!

<frozen importlib._bootstrap>:488
  <frozen importlib._bootstrap>:488: RuntimeWarning: nanobind: type 'subtract__t' was already registered!

<frozen importlib._bootstrap>:488
  <frozen importlib._bootstrap>:488: RuntimeWarning: nanobind: type 'eq_t' was already registered!

<frozen importlib._bootstrap>:488
  <frozen importlib._bootstrap>:488: RuntimeWarning: nanobind: type 'ne_t' was already registered!

<frozen importlib._bootstrap>:488
  <frozen importlib._bootstrap>:488: RuntimeWarning: nanobind: type 'lt_t' was already registered!

<frozen importlib._bootstrap>:488
  <frozen importlib._bootstrap>:488: RuntimeWarning: nanobind: type 'le_t' was already registered!

<frozen importlib._bootstrap>:488
  <frozen importlib._bootstrap>:488: RuntimeWarning: nanobind: type 'gt_t' was already registered!

<frozen importlib._bootstrap>:488
  <frozen importlib._bootstrap>:488: RuntimeWarning: nanobind: type 'ge_t' was already registered!

<frozen importlib._bootstrap>:488
  <frozen importlib._bootstrap>:488: RuntimeWarning: nanobind: type 'logical_and_t' was already registered!

<frozen importlib._bootstrap>:488
  <frozen importlib._bootstrap>:488: RuntimeWarning: nanobind: type 'logical_or_t' was already registered!

<frozen importlib._bootstrap>:488
  <frozen importlib._bootstrap>:488: RuntimeWarning: nanobind: type 'ldexp_t' was already registered!

<frozen importlib._bootstrap>:488
  <frozen importlib._bootstrap>:488: RuntimeWarning: nanobind: type 'logaddexp_t' was already registered!

<frozen importlib._bootstrap>:488
  <frozen importlib._bootstrap>:488: RuntimeWarning: nanobind: type 'logaddexp2_t' was already registered!

<frozen importlib._bootstrap>:488
  <frozen importlib._bootstrap>:488: RuntimeWarning: nanobind: type 'squared_difference_t' was already registered!

<frozen importlib._bootstrap>:488
  <frozen importlib._bootstrap>:488: RuntimeWarning: nanobind: type 'bias_gelu_t' was already registered!

<frozen importlib._bootstrap>:488
  <frozen importlib._bootstrap>:488: RuntimeWarning: nanobind: type 'multiply_t' was already registered!

<frozen importlib._bootstrap>:488
  <frozen importlib._bootstrap>:488: RuntimeWarning: nanobind: type 'divide_t' was already registered!

<frozen importlib._bootstrap>:488
  <frozen importlib._bootstrap>:488: RuntimeWarning: nanobind: type 'xlogy_t' was already registered!

<frozen importlib._bootstrap>:488
  <frozen importlib._bootstrap>:488: RuntimeWarning: nanobind: type 'rsub_t' was already registered!

<frozen importlib._bootstrap>:488
  <frozen importlib._bootstrap>:488: RuntimeWarning: nanobind: type 'bitwise_and_t' was already registered!

<frozen importlib._bootstrap>:488
  <frozen importlib._bootstrap>:488: RuntimeWarning: nanobind: type 'bitwise_or_t' was already registered!

<frozen importlib._bootstrap>:488
  <frozen importlib._bootstrap>:488: RuntimeWarning: nanobind: type 'bitwise_xor_t' was already registered!

<frozen importlib._bootstrap>:488
  <frozen importlib._bootstrap>:488: RuntimeWarning: nanobind: type 'bitwise_left_shift_t' was already registered!

<frozen importlib._bootstrap>:488
  <frozen importlib._bootstrap>:488: RuntimeWarning: nanobind: type 'bitwise_right_shift_t' was already registered!

<frozen importlib._bootstrap>:488
  <frozen importlib._bootstrap>:488: RuntimeWarning: nanobind: type 'logical_left_shift_t' was already registered!

<frozen importlib._bootstrap>:488
  <frozen importlib._bootstrap>:488: RuntimeWarning: nanobind: type 'logical_right_shift_t' was already registered!

<frozen importlib._bootstrap>:488
  <frozen importlib._bootstrap>:488: RuntimeWarning: nanobind: type 'hypot_t' was already registered!

<frozen importlib._bootstrap>:488
  <frozen importlib._bootstrap>:488: RuntimeWarning: nanobind: type 'nextafter_t' was already registered!

<frozen importlib._bootstrap>:488
  <frozen importlib._bootstrap>:488: RuntimeWarning: nanobind: type 'minimum_t' was already registered!

<frozen importlib._bootstrap>:488
  <frozen importlib._bootstrap>:488: RuntimeWarning: nanobind: type 'atan2_t' was already registered!

<frozen importlib._bootstrap>:488
  <frozen importlib._bootstrap>:488: RuntimeWarning: nanobind: type 'logical_xor_t' was already registered!

<frozen importlib._bootstrap>:488
  <frozen importlib._bootstrap>:488: RuntimeWarning: nanobind: type 'logical_or__t' was already registered!

<frozen importlib._bootstrap>:488
  <frozen importlib._bootstrap>:488: RuntimeWarning: nanobind: type 'logical_xor__t' was already registered!

<frozen importlib._bootstrap>:488
  <frozen importlib._bootstrap>:488: RuntimeWarning: nanobind: type 'logical_and__t' was already registered!

<frozen importlib._bootstrap>:488
  <frozen importlib._bootstrap>:488: RuntimeWarning: nanobind: type 'gcd_t' was already registered!

<frozen importlib._bootstrap>:488
  <frozen importlib._bootstrap>:488: RuntimeWarning: nanobind: type 'lcm_t' was already registered!

<frozen importlib._bootstrap>:488
  <frozen importlib._bootstrap>:488: RuntimeWarning: nanobind: type 'addalpha_t' was already registered!

<frozen importlib._bootstrap>:488
  <frozen importlib._bootstrap>:488: RuntimeWarning: nanobind: type 'subalpha_t' was already registered!

<frozen importlib._bootstrap>:488
  <frozen importlib._bootstrap>:488: RuntimeWarning: nanobind: type 'isclose_t' was already registered!

<frozen importlib._bootstrap>:488
  <frozen importlib._bootstrap>:488: RuntimeWarning: nanobind: type 'div_t' was already registered!

<frozen importlib._bootstrap>:488
  <frozen importlib._bootstrap>:488: RuntimeWarning: nanobind: type 'div_no_nan_t' was already registered!

<frozen importlib._bootstrap>:488
  <frozen importlib._bootstrap>:488: RuntimeWarning: nanobind: type 'floor_div_t' was already registered!

<frozen importlib._bootstrap>:488
  <frozen importlib._bootstrap>:488: RuntimeWarning: nanobind: type 'maximum_t' was already registered!

<frozen importlib._bootstrap>:488
  <frozen importlib._bootstrap>:488: RuntimeWarning: nanobind: type 'prelu_t' was already registered!

<frozen importlib._bootstrap>:488
  <frozen importlib._bootstrap>:488: RuntimeWarning: nanobind: type 'outer_t' was already registered!

<frozen importlib._bootstrap>:488
  <frozen importlib._bootstrap>:488: RuntimeWarning: nanobind: type 'polyval_t' was already registered!

<frozen importlib._bootstrap>:488
  <frozen importlib._bootstrap>:488: RuntimeWarning: nanobind: type 'fmod_t' was already registered!

<frozen importlib._bootstrap>:488
  <frozen importlib._bootstrap>:488: RuntimeWarning: nanobind: type 'gt__t' was already registered!

<frozen importlib._bootstrap>:488
  <frozen importlib._bootstrap>:488: RuntimeWarning: nanobind: type 'ge__t' was already registered!

<frozen importlib._bootstrap>:488
  <frozen importlib._bootstrap>:488: RuntimeWarning: nanobind: type 'lt__t' was already registered!

<frozen importlib._bootstrap>:488
  <frozen importlib._bootstrap>:488: RuntimeWarning: nanobind: type 'le__t' was already registered!

<frozen importlib._bootstrap>:488
  <frozen importlib._bootstrap>:488: RuntimeWarning: nanobind: type 'eq__t' was already registered!

<frozen importlib._bootstrap>:488
  <frozen importlib._bootstrap>:488: RuntimeWarning: nanobind: type 'ne__t' was already registered!

<frozen importlib._bootstrap>:488
  <frozen importlib._bootstrap>:488: RuntimeWarning: nanobind: type 'ldexp__t' was already registered!

<frozen importlib._bootstrap>:488
  <frozen importlib._bootstrap>:488: RuntimeWarning: nanobind: type 'logaddexp__t' was already registered!

<frozen importlib._bootstrap>:488
  <frozen importlib._bootstrap>:488: RuntimeWarning: nanobind: type 'logaddexp2__t' was already registered!

<frozen importlib._bootstrap>:488
  <frozen importlib._bootstrap>:488: RuntimeWarning: nanobind: type 'squared_difference__t' was already registered!

<frozen importlib._bootstrap>:488
  <frozen importlib._bootstrap>:488: RuntimeWarning: nanobind: type 'multiply__t' was already registered!

<frozen importlib._bootstrap>:488
  <frozen importlib._bootstrap>:488: RuntimeWarning: nanobind: type 'divide__t' was already registered!

<frozen importlib._bootstrap>:488
  <frozen importlib._bootstrap>:488: RuntimeWarning: nanobind: type 'rsub__t' was already registered!

<frozen importlib._bootstrap>:488
  <frozen importlib._bootstrap>:488: RuntimeWarning: nanobind: type 'bias_gelu__t' was already registered!

<frozen importlib._bootstrap>:488
  <frozen importlib._bootstrap>:488: RuntimeWarning: nanobind: type 'pow_t' was already registered!

main.py::test_main
  /localdev/svuckovic/_workspace/repos/project-alchemy/tt-xla/venv/lib/python3.12/site-packages/_pytest/python.py:170: PytestReturnNotNoneWarning: Test functions should return None, but main.py::test_main returned <class 'int'>.
  Did you mean to use `assert` instead of `return`?
  See https://docs.pytest.org/en/stable/how-to/assert.html#return-not-none for more information.
    warnings.warn(

-- Docs: https://docs.pytest.org/en/stable/how-to/capture-warnings.html
======================== 1 passed, 81 warnings in 1.99s ========================
nanobind: leaked 474 instances!
 - leaked instance 0x1ecd1a40 of type "ttnn._ttnn.operations.unary.relu6_t"
 - leaked instance 0x1f52a240 of type "ttnn._ttnn.operations.unary_backward.silu_bw_t"
 - leaked instance 0x1f4f9320 of type "ttnn._ttnn.operations.binary.ldexp__t"
 - leaked instance 0x1f472c80 of type "ttnn._ttnn.operations.complex_unary.conj_t"
 - leaked instance 0x1f525380 of type "ttnn._ttnn.operations.unary_backward.logit_bw_t"
 - leaked instance 0x1f4d1850 of type "ttnn._ttnn.operations.binary.logical_left_shift_t"
 - leaked instance 0x1f52c2c0 of type "ttnn._ttnn.operations.unary_backward.hardswish_bw_t"
 - leaked instance 0x1f4c43f0 of type "ttnn._ttnn.operations.data_movement.sharded_to_interleaved_partial_t"
 - leaked instance 0x21e647c0 of type "ttnn._ttnn.operations.moreh.moreh_arange_t"
 - leaked instance 0x217f7190 of type "ttnn._ttnn.operations.unary.erf_t"
 - leaked instance 0x1f527d90 of type "ttnn._ttnn.operations.unary_backward.round_bw_t"
 - leaked instance 0x1f580400 of type "ttnn._ttnn.operations.creation.zeros_like_t"
 - leaked instance 0x1f534ae0 of type "ttnn._ttnn.operations.unary_backward.sign_bw_t"
 - leaked instance 0x1f51b0e0 of type "ttnn._ttnn.operations.unary_backward.fill_bw_t"
 - leaked instance 0x76706c779a08 of type "ttnn._ttnn.operations.normalization.SoftmaxDefaultProgramConfig"
 - leaked instance 0x21d84330 of type "ttnn._ttnn.operations.reduction.prod_t"
 - leaked instance 0x76706c0b7ac8 of type "ttnn._ttnn.operations.sliding_window.Op2DSliceConfig"
 - leaked instance 0x1ee22750 of type "ttnn._ttnn.operations.unary.xielu_t"
 - leaked instance 0x21e79fa0 of type "ttnn._ttnn.operations.moreh.moreh_sum_backward_t"
 - leaked instance 0x21df2c80 of type "ttnn._ttnn.operations.binary.bitwise_right_shift_t"
 - ... skipped remainder
nanobind: leaked 533 types!
 - leaked type "ttnn._ttnn.operations.binary.lt__t"
 - leaked type "ttnn._ttnn.operations.binary_backward.xlogy_bw_t"
 - leaked type "ttnn._ttnn.operations.reduction.var_t"
 - leaked type "DispatchCoreAxis"
 - leaked type "ttnn._ttnn.operations.unary.fill_t"
 - leaked type "ttnn._ttnn.operations.data_movement.gather_t"
 - leaked type "ttnn._ttnn.operations.point_to_point.point_to_point_t"
 - leaked type "ttnn._ttnn.operations.ternary.where_t"
 - leaked type "ttnn._ttnn.device.SubDeviceManagerId"
 - leaked type "ttnn._ttnn.operations.binary.pow_t"
 - ... skipped remainder
nanobind: leaked 2342 functions!
 - leaked function ""
 - leaked function "get_max_worker_l1_unreserved_size"
 - leaked function ""
 - leaked function ""
 - leaked function ""
 - leaked function ""
 - leaked function ""
 - leaked function ""
 - leaked function ""
 - leaked function "from_json"
 - ... skipped remainder
nanobind: this is likely caused by a reference counting issue in the binding code.
See https://nanobind.readthedocs.io/en/latest/refleaks.html
=== check: verify_weights.py ===
PASSED
verify_weights.py does not exist for step create_empty_pytest, as expected