=== check: pytest main.py ===
FAILED
============================= test session starts ==============================
platform linux -- Python 3.12.3, pytest-9.0.3, pluggy-1.6.0
rootdir: /localdev/svuckovic/_workspace/repos/project-alchemy/ttnn-models/briaai/FIBO/model/graph_0
plugins: jaxtyping-0.3.9, metadata-3.1.1, forked-1.6.0, anyio-4.13.0, json-report-1.5.0, split-0.11.0
collected 1 item

main.py Device: MeshDevice(1x4 grid, 4 devices)
F

=================================== FAILURES ===================================
__________________________________ test_main ___________________________________

    def test_main():
        exact_pcc = 0.999389
    
        device = utils.DeviceGetter.get_device(
            (1, 4), fabric_config=ttnn.FabricConfig.FABRIC_1D_RING
        )
        memory_config = ttnn.MemoryConfig(
            ttnn.TensorMemoryLayout.INTERLEAVED, ttnn.BufferType.DRAM, None
        )
    
        pt_inputs = model_pt.load_input()
        activations = []
        for val in pt_inputs:
            if torch.is_tensor(val):
                t = ttnn.from_torch(val, dtype=ttnn.DataType.BFLOAT16, layout=ttnn.Layout.ROW_MAJOR)
                t = ttnn.to_device(t, device, memory_config)
                activations.append(t)
            elif isinstance(val, (list, tuple)):
                for item in val:
                    if torch.is_tensor(item):
                        t = ttnn.from_torch(item, dtype=ttnn.DataType.BFLOAT16, layout=ttnn.Layout.ROW_MAJOR)
                        t = ttnn.to_device(t, device, memory_config)
                        activations.append(t)
    
        weights = load_weights_for__main()
>       outputs = _main(activations, weights)
                  ^^^^^^^^^^^^^^^^^^^^^^^^^^^

main.py:72682: 
_ _ _ _ _ _ _ _ _ _ _ _ _ _ _ _ _ _ _ _ _ _ _ _ _ _ _ _ _ _ _ _ _ _ _ _ _ _ _ _ 

activations = [device_id: 1, MeshCoordinate([0, 0])
ttnn.Tensor([[[-8.0859e-01, -1.6992e-01,  ..., -3.8672e-01,  7.4609e-01],
      ......, -4.0527e-02, -3.1250e-02]]], shape=Shape([2, 45, 2048]), dtype=DataType::BFLOAT16, layout=Layout::ROW_MAJOR), ...]
weights = {'transformer.caption_projection.0.linear.weight': device_id: 1, MeshCoordinate([0, 0])
ttnn.Tensor([[-1.0437e-02, -4....e-01,  ..., -5.3711e-02, -2.1118e-02]], shape=Shape([1536, 2048]), dtype=DataType::BFLOAT16, layout=Layout::TILE), ...}

    def _main(activations, weights):
        global ce_cache__main
        ce_cache__main = consteval__main(ce_cache__main, weights)
        args_1 = activations[0]
        args_0 = activations[1]
        args_5 = activations[2]
        args_2 = activations[3]
        args_51 = activations[4]
        args_4 = activations[5]
        args_3 = activations[6]
        args_6 = activations[7]
        args_7 = activations[8]
        args_8 = activations[9]
        args_9 = activations[10]
        args_10 = activations[11]
        args_11 = activations[12]
        args_12 = activations[13]
        args_13 = activations[14]
        args_14 = activations[15]
        args_15 = activations[16]
        args_16 = activations[17]
        args_17 = activations[18]
        args_18 = activations[19]
        args_19 = activations[20]
        args_20 = activations[21]
        args_21 = activations[22]
        args_22 = activations[23]
        args_23 = activations[24]
        args_24 = activations[25]
        args_25 = activations[26]
        args_26 = activations[27]
        args_27 = activations[28]
        args_28 = activations[29]
        args_29 = activations[30]
        args_30 = activations[31]
        args_31 = activations[32]
        args_32 = activations[33]
        args_33 = activations[34]
        args_34 = activations[35]
        args_35 = activations[36]
        args_36 = activations[37]
        args_37 = activations[38]
        args_38 = activations[39]
        args_39 = activations[40]
        args_40 = activations[41]
        args_41 = activations[42]
        args_42 = activations[43]
        args_43 = activations[44]
        args_44 = activations[45]
        args_45 = activations[46]
        args_46 = activations[47]
        args_47 = activations[48]
        args_48 = activations[49]
        args_49 = activations[50]
>       args_50 = activations[51]
                  ^^^^^^^^^^^^^^^
E       IndexError: list index out of range

main.py:17426: IndexError
=============================== warnings summary ===============================
<frozen importlib._bootstrap>:488
  <frozen importlib._bootstrap>:488: RuntimeWarning: nanobind: type 'pad_t' was already registered!

<frozen importlib._bootstrap>:488
  <frozen importlib._bootstrap>:488: RuntimeWarning: nanobind: type 'tilize_t' was already registered!

<frozen importlib._bootstrap>:488
  <frozen importlib._bootstrap>:488: RuntimeWarning: nanobind: type 'move_t' was already registered!

<frozen importlib._bootstrap>:488
  <frozen importlib._bootstrap>:488: RuntimeWarning: nanobind: type 'untilize_with_unpadding_t' was already registered!

<frozen importlib._bootstrap>:488
  <frozen importlib._bootstrap>:488: RuntimeWarning: nanobind: type 'slice_t' was already registered!

<frozen importlib._bootstrap>:488
  <frozen importlib._bootstrap>:488: RuntimeWarning: nanobind: type 'transpose_t' was already registered!

<frozen importlib._bootstrap>:488
  <frozen importlib._bootstrap>:488: RuntimeWarning: nanobind: type 'reshard_t' was already registered!

<frozen importlib._bootstrap>:488
  <frozen importlib._bootstrap>:488: RuntimeWarning: nanobind: type 'conv2d_t' was already registered!

<frozen importlib._bootstrap>:488
  <frozen importlib._bootstrap>:488: RuntimeWarning: nanobind: type 'max_pool2d_t' was already registered!

<frozen importlib._bootstrap>:488
  <frozen importlib._bootstrap>:488: RuntimeWarning: nanobind: type 'avg_pool2d_t' was already registered!

<frozen importlib._bootstrap>:488
  <frozen importlib._bootstrap>:488: RuntimeWarning: nanobind: type 'matmul_t' was already registered!

<frozen importlib._bootstrap>:488
  <frozen importlib._bootstrap>:488: RuntimeWarning: nanobind: type 'linear_t' was already registered!

<frozen importlib._bootstrap>:488
  <frozen importlib._bootstrap>:488: RuntimeWarning: nanobind: type 'matmul_batched_weights_t' was already registered!

<frozen importlib._bootstrap>:488
  <frozen importlib._bootstrap>:488: RuntimeWarning: nanobind: type 'addmm_t' was already registered!

<frozen importlib._bootstrap>:488
  <frozen importlib._bootstrap>:488: RuntimeWarning: nanobind: type 'sparse_matmul_t' was already registered!

<frozen importlib._bootstrap>:488
  <frozen importlib._bootstrap>:488: RuntimeWarning: nanobind: type 'remainder_t' was already registered!

<frozen importlib._bootstrap>:488
  <frozen importlib._bootstrap>:488: RuntimeWarning: nanobind: type 'add_t' was already registered!

<frozen importlib._bootstrap>:488
  <frozen importlib._bootstrap>:488: RuntimeWarning: nanobind: type 'add__t' was already registered!

<frozen importlib._bootstrap>:488
  <frozen importlib._bootstrap>:488: RuntimeWarning: nanobind: type 'subtract_t' was already registered!

<frozen importlib._bootstrap>:488
  <frozen importlib._bootstrap>:488: RuntimeWarning: nanobind: type 'subtract__t' was already registered!

<frozen importlib._bootstrap>:488
  <frozen importlib._bootstrap>:488: RuntimeWarning: nanobind: type 'eq_t' was already registered!

<frozen importlib._bootstrap>:488
  <frozen importlib._bootstrap>:488: RuntimeWarning: nanobind: type 'ne_t' was already registered!

<frozen importlib._bootstrap>:488
  <frozen importlib._bootstrap>:488: RuntimeWarning: nanobind: type 'lt_t' was already registered!

<frozen importlib._bootstrap>:488
  <frozen importlib._bootstrap>:488: RuntimeWarning: nanobind: type 'le_t' was already registered!

<frozen importlib._bootstrap>:488
  <frozen importlib._bootstrap>:488: RuntimeWarning: nanobind: type 'gt_t' was already registered!

<frozen importlib._bootstrap>:488
  <frozen importlib._bootstrap>:488: RuntimeWarning: nanobind: type 'ge_t' was already registered!

<frozen importlib._bootstrap>:488
  <frozen importlib._bootstrap>:488: RuntimeWarning: nanobind: type 'logical_and_t' was already registered!

<frozen importlib._bootstrap>:488
  <frozen importlib._bootstrap>:488: RuntimeWarning: nanobind: type 'logical_or_t' was already registered!

<frozen importlib._bootstrap>:488
  <frozen importlib._bootstrap>:488: RuntimeWarning: nanobind: type 'ldexp_t' was already registered!

<frozen importlib._bootstrap>:488
  <frozen importlib._bootstrap>:488: RuntimeWarning: nanobind: type 'logaddexp_t' was already registered!

<frozen importlib._bootstrap>:488
  <frozen importlib._bootstrap>:488: RuntimeWarning: nanobind: type 'logaddexp2_t' was already registered!

<frozen importlib._bootstrap>:488
  <frozen importlib._bootstrap>:488: RuntimeWarning: nanobind: type 'squared_difference_t' was already registered!

<frozen importlib._bootstrap>:488
  <frozen importlib._bootstrap>:488: RuntimeWarning: nanobind: type 'bias_gelu_t' was already registered!

<frozen importlib._bootstrap>:488
  <frozen importlib._bootstrap>:488: RuntimeWarning: nanobind: type 'multiply_t' was already registered!

<frozen importlib._bootstrap>:488
  <frozen importlib._bootstrap>:488: RuntimeWarning: nanobind: type 'divide_t' was already registered!

<frozen importlib._bootstrap>:488
  <frozen importlib._bootstrap>:488: RuntimeWarning: nanobind: type 'xlogy_t' was already registered!

<frozen importlib._bootstrap>:488
  <frozen importlib._bootstrap>:488: RuntimeWarning: nanobind: type 'rsub_t' was already registered!

<frozen importlib._bootstrap>:488
  <frozen importlib._bootstrap>:488: RuntimeWarning: nanobind: type 'bitwise_and_t' was already registered!

<frozen importlib._bootstrap>:488
  <frozen importlib._bootstrap>:488: RuntimeWarning: nanobind: type 'bitwise_or_t' was already registered!

<frozen importlib._bootstrap>:488
  <frozen importlib._bootstrap>:488: RuntimeWarning: nanobind: type 'bitwise_xor_t' was already registered!

<frozen importlib._bootstrap>:488
  <frozen importlib._bootstrap>:488: RuntimeWarning: nanobind: type 'bitwise_left_shift_t' was already registered!

<frozen importlib._bootstrap>:488
  <frozen importlib._bootstrap>:488: RuntimeWarning: nanobind: type 'bitwise_right_shift_t' was already registered!

<frozen importlib._bootstrap>:488
  <frozen importlib._bootstrap>:488: RuntimeWarning: nanobind: type 'logical_left_shift_t' was already registered!

<frozen importlib._bootstrap>:488
  <frozen importlib._bootstrap>:488: RuntimeWarning: nanobind: type 'logical_right_shift_t' was already registered!

<frozen importlib._bootstrap>:488
  <frozen importlib._bootstrap>:488: RuntimeWarning: nanobind: type 'hypot_t' was already registered!

<frozen importlib._bootstrap>:488
  <frozen importlib._bootstrap>:488: RuntimeWarning: nanobind: type 'nextafter_t' was already registered!

<frozen importlib._bootstrap>:488
  <frozen importlib._bootstrap>:488: RuntimeWarning: nanobind: type 'minimum_t' was already registered!

<frozen importlib._bootstrap>:488
  <frozen importlib._bootstrap>:488: RuntimeWarning: nanobind: type 'atan2_t' was already registered!

<frozen importlib._bootstrap>:488
  <frozen importlib._bootstrap>:488: RuntimeWarning: nanobind: type 'logical_xor_t' was already registered!

<frozen importlib._bootstrap>:488
  <frozen importlib._bootstrap>:488: RuntimeWarning: nanobind: type 'logical_or__t' was already registered!

<frozen importlib._bootstrap>:488
  <frozen importlib._bootstrap>:488: RuntimeWarning: nanobind: type 'logical_xor__t' was already registered!

<frozen importlib._bootstrap>:488
  <frozen importlib._bootstrap>:488: RuntimeWarning: nanobind: type 'logical_and__t' was already registered!

<frozen importlib._bootstrap>:488
  <frozen importlib._bootstrap>:488: RuntimeWarning: nanobind: type 'gcd_t' was already registered!

<frozen importlib._bootstrap>:488
  <frozen importlib._bootstrap>:488: RuntimeWarning: nanobind: type 'lcm_t' was already registered!

<frozen importlib._bootstrap>:488
  <frozen importlib._bootstrap>:488: RuntimeWarning: nanobind: type 'addalpha_t' was already registered!

<frozen importlib._bootstrap>:488
  <frozen importlib._bootstrap>:488: RuntimeWarning: nanobind: type 'subalpha_t' was already registered!

<frozen importlib._bootstrap>:488
  <frozen importlib._bootstrap>:488: RuntimeWarning: nanobind: type 'isclose_t' was already registered!

<frozen importlib._bootstrap>:488
  <frozen importlib._bootstrap>:488: RuntimeWarning: nanobind: type 'div_t' was already registered!

<frozen importlib._bootstrap>:488
  <frozen importlib._bootstrap>:488: RuntimeWarning: nanobind: type 'div_no_nan_t' was already registered!

<frozen importlib._bootstrap>:488
  <frozen importlib._bootstrap>:488: RuntimeWarning: nanobind: type 'floor_div_t' was already registered!

<frozen importlib._bootstrap>:488
  <frozen importlib._bootstrap>:488: RuntimeWarning: nanobind: type 'maximum_t' was already registered!

<frozen importlib._bootstrap>:488
  <frozen importlib._bootstrap>:488: RuntimeWarning: nanobind: type 'prelu_t' was already registered!

<frozen importlib._bootstrap>:488
  <frozen importlib._bootstrap>:488: RuntimeWarning: nanobind: type 'outer_t' was already registered!

<frozen importlib._bootstrap>:488
  <frozen importlib._bootstrap>:488: RuntimeWarning: nanobind: type 'polyval_t' was already registered!

<frozen importlib._bootstrap>:488
  <frozen importlib._bootstrap>:488: RuntimeWarning: nanobind: type 'fmod_t' was already registered!

<frozen importlib._bootstrap>:488
  <frozen importlib._bootstrap>:488: RuntimeWarning: nanobind: type 'gt__t' was already registered!

<frozen importlib._bootstrap>:488
  <frozen importlib._bootstrap>:488: RuntimeWarning: nanobind: type 'ge__t' was already registered!

<frozen importlib._bootstrap>:488
  <frozen importlib._bootstrap>:488: RuntimeWarning: nanobind: type 'lt__t' was already registered!

<frozen importlib._bootstrap>:488
  <frozen importlib._bootstrap>:488: RuntimeWarning: nanobind: type 'le__t' was already registered!

<frozen importlib._bootstrap>:488
  <frozen importlib._bootstrap>:488: RuntimeWarning: nanobind: type 'eq__t' was already registered!

<frozen importlib._bootstrap>:488
  <frozen importlib._bootstrap>:488: RuntimeWarning: nanobind: type 'ne__t' was already registered!

<frozen importlib._bootstrap>:488
  <frozen importlib._bootstrap>:488: RuntimeWarning: nanobind: type 'ldexp__t' was already registered!

<frozen importlib._bootstrap>:488
  <frozen importlib._bootstrap>:488: RuntimeWarning: nanobind: type 'logaddexp__t' was already registered!

<frozen importlib._bootstrap>:488
  <frozen importlib._bootstrap>:488: RuntimeWarning: nanobind: type 'logaddexp2__t' was already registered!

<frozen importlib._bootstrap>:488
  <frozen importlib._bootstrap>:488: RuntimeWarning: nanobind: type 'squared_difference__t' was already registered!

<frozen importlib._bootstrap>:488
  <frozen importlib._bootstrap>:488: RuntimeWarning: nanobind: type 'multiply__t' was already registered!

<frozen importlib._bootstrap>:488
  <frozen importlib._bootstrap>:488: RuntimeWarning: nanobind: type 'divide__t' was already registered!

<frozen importlib._bootstrap>:488
  <frozen importlib._bootstrap>:488: RuntimeWarning: nanobind: type 'rsub__t' was already registered!

<frozen importlib._bootstrap>:488
  <frozen importlib._bootstrap>:488: RuntimeWarning: nanobind: type 'bias_gelu__t' was already registered!

<frozen importlib._bootstrap>:488
  <frozen importlib._bootstrap>:488: RuntimeWarning: nanobind: type 'pow_t' was already registered!

-- Docs: https://docs.pytest.org/en/stable/how-to/capture-warnings.html
=========================== short test summary info ============================
FAILED main.py::test_main - IndexError: list index out of range
================== 1 failed, 80 warnings in 476.13s (0:07:56) ==================
2026-07-08 13:37:32.205 | WARNING  | torch_plugin_tt:__init__:40 - TT plugin is setting XLA_STABLEHLO_COMPILE to 1. This is required for TT PJRT plugin to work correctly.
Flax classes are deprecated and will be removed in Diffusers v1.0.0. We recommend migrating to PyTorch classes or pinning your version of Diffusers.
Flax classes are deprecated and will be removed in Diffusers v1.0.0. We recommend migrating to PyTorch classes or pinning your version of Diffusers.

Loading pipeline components...:   0%|          | 0/5 [00:00<?, ?it/s]
Loading pipeline components...:  20%|██        | 1/5 [00:00<00:02,  1.85it/s]The config attributes {'clip_output': False} were passed to AutoencoderKLWan, but are not expected and will be ignored. Please verify your config.json configuration file.

Loading pipeline components...:  40%|████      | 2/5 [00:00<00:01,  2.85it/s]

Loading weights:   0%|          | 0/326 [00:00<?, ?it/s][A
Loading weights: 100%|██████████| 326/326 [00:00<00:00, 29259.87it/s]


Loading checkpoint shards:   0%|          | 0/2 [00:00<?, ?it/s][A
Loading checkpoint shards: 100%|██████████| 2/2 [00:00<00:00, 56.84it/s]

Loading pipeline components...:  80%|████████  | 4/5 [00:01<00:00,  4.03it/s]
Loading pipeline components...: 100%|██████████| 5/5 [00:01<00:00,  4.41it/s]

  0%|          | 0/50 [00:00<?, ?it/s]
  0%|          | 0/50 [01:14<?, ?it/s]
nanobind: leaked 474 instances!
 - leaked instance 0x409384a0 of type "ttnn._ttnn.operations.ccl.all_broadcast_t"
 - leaked instance 0x40aebbe0 of type "ttnn._ttnn.operations.reduction.min_t"
 - leaked instance 0x3ffb9dc0 of type "ttnn._ttnn.operations.unary.normalize_global_t"
 - leaked instance 0x406242c0 of type "ttnn._ttnn.operations.unary.multigammaln_t"
 - leaked instance 0x40be88f0 of type "ttnn._ttnn.operations.moreh.moreh_sum_t"
 - leaked instance 0x40bed510 of type "ttnn._ttnn.operations.bernoulli.bernoulli_t"
 - leaked instance 0x409d3770 of type "ttnn._ttnn.operations.unary_backward.elu_bw_t"
 - leaked instance 0x4091f6f0 of type "ttnn._ttnn.operations.binary.logaddexp2_t"
 - leaked instance 0x4033c2a0 of type "ttnn._ttnn.operations.unary.identity_t"
 - leaked instance 0x40624330 of type "ttnn._ttnn.operations.unary.var_hw_t"
 - leaked instance 0x409e5d40 of type "ttnn._ttnn.operations.unary_backward.rsqrt_bw_t"
 - leaked instance 0x401fefb0 of type "ttnn._ttnn.operations.unary.erf_t"
 - leaked instance 0x409a02b0 of type "ttnn._ttnn.operations.binary.logical_or__t"
 - leaked instance 0x40ab5030 of type "ttnn._ttnn.operations.normalization.softmax_t"
 - leaked instance 0x409f5490 of type "ttnn._ttnn.operations.unary_backward.softsign_bw_t"
 - leaked instance 0x40989980 of type "ttnn._ttnn.operations.data_movement.gather_t"
 - leaked instance 0x409f0b30 of type "ttnn._ttnn.operations.unary_backward.asinh_bw_t"
 - leaked instance 0x409f6370 of type "ttnn._ttnn.operations.unary_backward.log2_bw_t"
 - leaked instance 0x402ed560 of type "ttnn._ttnn.operations.unary.sigmoid_t"
 - leaked instance 0x7d78d98b4108 of type "ttnn._ttnn.tensor.MemoryConfig"
 - ... skipped remainder
nanobind: leaked 534 types!
 - leaked type "ttnn._ttnn.operations.binary.lt__t"
 - leaked type "ttnn._ttnn.operations.binary_backward.xlogy_bw_t"
 - leaked type "ttnn._ttnn.operations.reduction.var_t"
 - leaked type "DispatchCoreAxis"
 - leaked type "ttnn._ttnn.operations.unary.fill_t"
 - leaked type "ttnn._ttnn.operations.data_movement.gather_t"
 - leaked type "ttnn._ttnn.operations.point_to_point.point_to_point_t"
 - leaked type "ttnn._ttnn.operations.ternary.where_t"
 - leaked type "ttnn._ttnn.device.SubDeviceManagerId"
 - leaked type "ttnn._ttnn.operations.binary.pow_t"
 - ... skipped remainder
nanobind: leaked 2344 functions!
 - leaked function ""
 - leaked function ""
 - leaked function ""
 - leaked function ""
 - leaked function ""
 - leaked function ""
 - leaked function ""
 - leaked function "experimental_per_core_buffer_address"
 - leaked function ""
 - leaked function "__repr__"
 - ... skipped remainder
nanobind: this is likely caused by a reference counting issue in the binding code.
See https://nanobind.readthedocs.io/en/latest/refleaks.html
=== check: verify_weights.py ===
PASSED
verify_weights.py does not exist for step implement_pytest, as expected