=== check: pytest main.py ===
PASSED
============================= test session starts ==============================
platform linux -- Python 3.12.3, pytest-9.0.3, pluggy-1.6.0
rootdir: /localdev/svuckovic/_workspace/repos/project-alchemy/ttnn-models/Qwen/Qwen3-4B/model/graph_0
plugins: jaxtyping-0.3.9, metadata-3.1.1, forked-1.6.0, anyio-4.13.0, json-report-1.5.0, split-0.11.0
collected 1 item

main.py .

=============================== warnings summary ===============================
main.py::test_main
  /localdev/svuckovic/_workspace/repos/project-alchemy/tt-xla/venv/lib/python3.12/site-packages/_pytest/python.py:170: PytestReturnNotNoneWarning: Test functions should return None, but main.py::test_main returned <class 'int'>.
  Did you mean to use `assert` instead of `return`?
  See https://docs.pytest.org/en/stable/how-to/assert.html#return-not-none for more information.
    warnings.warn(

-- Docs: https://docs.pytest.org/en/stable/how-to/capture-warnings.html
========================= 1 passed, 1 warning in 1.64s =========================
nanobind: leaked 473 instances!
 - leaked instance 0x15beb830 of type "ttnn._ttnn.operations.unary.hardswish_t"
 - leaked instance 0x1881a4a0 of type "ttnn._ttnn.operations.matmul.addmm_t"
 - leaked instance 0x18489920 of type "ttnn._ttnn.operations.binary.bitwise_xor_t"
 - leaked instance 0x187a4810 of type "ttnn._ttnn.operations.unary_backward.logit_bw_t"
 - leaked instance 0x18932f80 of type "ttnn._ttnn.operations.moreh.moreh_mean_t"
 - leaked instance 0x16ac4680 of type "ttnn._ttnn.operations.binary.nextafter_t"
 - leaked instance 0x17e95d70 of type "ttnn._ttnn.operations.unary.tanhshrink_t"
 - leaked instance 0x1879c650 of type "ttnn._ttnn.operations.unary_backward.acosh_bw_t"
 - leaked instance 0x1877f380 of type "ttnn._ttnn.operations.binary.multiply__t"
 - leaked instance 0x1892f5f0 of type "ttnn._ttnn.operations.moreh.moreh_layer_norm_t"
 - leaked instance 0x187b2d20 of type "ttnn._ttnn.operations.unary_backward.cosh_bw_t"
 - leaked instance 0x188a3330 of type "ttnn._ttnn.operations.reduction.cumsum_t"
 - leaked instance 0x187a3220 of type "ttnn._ttnn.operations.unary_backward.neg_bw_t"
 - leaked instance 0x1876f990 of type "ttnn._ttnn.operations.binary.polyval_t"
 - leaked instance 0x1879d8b0 of type "ttnn._ttnn.operations.unary_backward.atan_bw_t"
 - leaked instance 0x18822560 of type "ttnn._ttnn.operations.data_movement.fill_implicit_tile_padding_t"
 - leaked instance 0x18798760 of type "ttnn._ttnn.operations.unary_backward.round_bw_t"
 - leaked instance 0x184fdd50 of type "ttnn._ttnn.operations.unary.glu_t"
 - leaked instance 0x187a8f40 of type "ttnn._ttnn.operations.unary_backward.abs_bw_t"
 - leaked instance 0x1883a090 of type "ttnn._ttnn.operations.data_movement.move_t"
 - ... skipped remainder
nanobind: leaked 532 types!
 - leaked type "ttnn._ttnn.operations.binary.lt__t"
 - leaked type "ttnn._ttnn.operations.binary_backward.xlogy_bw_t"
 - leaked type "ttnn._ttnn.operations.reduction.var_t"
 - leaked type "DispatchCoreAxis"
 - leaked type "ttnn._ttnn.operations.unary.fill_t"
 - leaked type "ttnn._ttnn.operations.data_movement.gather_t"
 - leaked type "ttnn._ttnn.operations.point_to_point.point_to_point_t"
 - leaked type "ttnn._ttnn.operations.ternary.where_t"
 - leaked type "ttnn._ttnn.device.SubDeviceManagerId"
 - leaked type "ttnn._ttnn.operations.binary.pow_t"
 - ... skipped remainder
nanobind: leaked 2335 functions!
 - leaked function ""
 - leaked function ""
 - leaked function ""
 - leaked function "device"
 - leaked function ""
 - leaked function ""
 - leaked function "__call__"
 - leaked function ""
 - leaked function ""
 - leaked function "__call__"
 - ... skipped remainder
nanobind: this is likely caused by a reference counting issue in the binding code.
See https://nanobind.readthedocs.io/en/latest/refleaks.html
=== check: verify_weights.py ===
PASSED
verify_weights.py does not exist for step create_empty_pytest, as expected