=== check: pytest main.py ===
PASSED
============================= test session starts ==============================
platform linux -- Python 3.12.3, pytest-9.0.3, pluggy-1.6.0
rootdir: /localdev/svuckovic/_workspace/repos/project-alchemy/ttnn-models/Qwen/Qwen3-4B/model/graph_0
plugins: jaxtyping-0.3.9, metadata-3.1.1, forked-1.6.0, anyio-4.13.0, json-report-1.5.0, split-0.11.0
collected 1 item

main.py Device: MeshDevice(1x1 grid, 1 devices)
Input shape: torch.Size([1, 16])
Input dtype: torch.int64
Input shape: torch.Size([1, 16])
Input dtype: torch.int64

PCC: 0.976562
.

=============================== warnings summary ===============================
../../../../../tt-xla/venv/lib/python3.12/site-packages/torch/jit/_script.py:362: 14 warnings
  /localdev/svuckovic/_workspace/repos/project-alchemy/tt-xla/venv/lib/python3.12/site-packages/torch/jit/_script.py:362: DeprecationWarning: `torch.jit.script_method` is deprecated. Please switch to `torch.compile` or `torch.export`.
    warnings.warn(

<frozen importlib._bootstrap>:488
  <frozen importlib._bootstrap>:488: DeprecationWarning: builtin type SwigPyPacked has no __module__ attribute

<frozen importlib._bootstrap>:488
  <frozen importlib._bootstrap>:488: DeprecationWarning: builtin type SwigPyObject has no __module__ attribute

-- Docs: https://docs.pytest.org/en/stable/how-to/capture-warnings.html
======================= 1 passed, 16 warnings in 11.48s ========================
2026-05-24 20:01:51.232 | WARNING  | torch_plugin_tt:__init__:40 - TT plugin is setting XLA_STABLEHLO_COMPILE to 1. This is required for TT PJRT plugin to work correctly.
[transformers] `torch_dtype` is deprecated! Use `dtype` instead!

Loading weights:   0%|          | 0/398 [00:00<?, ?it/s]
Loading weights: 100%|██████████| 398/398 [00:00<00:00, 31856.28it/s]
sys:1: DeprecationWarning: builtin type swigvarlink has no __module__ attribute
nanobind: leaked 473 instances!
 - leaked instance 0x1b7d1900 of type "ttnn._ttnn.operations.binary.atan2_t"
 - leaked instance 0x1b830c40 of type "ttnn._ttnn.operations.unary_backward.leaky_relu_bw_t"
 - leaked instance 0x1b12d150 of type "ttnn._ttnn.operations.unary.bitwise_not_t"
 - leaked instance 0x1b863c00 of type "ttnn._ttnn.operations.binary_backward.fmod_bw_t"
 - leaked instance 0x1b874850 of type "ttnn._ttnn.operations.complex_unary.angle_t"
 - leaked instance 0x18cac2e0 of type "ttnn._ttnn.operations.unary.softsign_t"
 - leaked instance 0x1b7941c0 of type "ttnn._ttnn.operations.binary.bitwise_or_t"
 - leaked instance 0x1b7db4c0 of type "ttnn._ttnn.operations.binary.gcd_t"
 - leaked instance 0x1b8ba770 of type "ttnn._ttnn.operations.matmul.addmm_t"
 - leaked instance 0x1b3ce560 of type "ttnn._ttnn.operations.unary.signbit_t"
 - leaked instance 0x1b925180 of type "ttnn._ttnn.operations.normalization.layer_norm_post_all_gather_t"
 - leaked instance 0x1b926480 of type "ttnn._ttnn.operations.normalization.rms_norm_pre_all_gather_t"
 - leaked instance 0x1b8a8ad0 of type "ttnn._ttnn.operations.loss.mse_loss_t"
 - leaked instance 0x1af1c260 of type "ttnn._ttnn.operations.unary.relu_min_t"
 - leaked instance 0x1b8395f0 of type "ttnn._ttnn.operations.unary_backward.round_bw_t"
 - leaked instance 0x1b6d92c0 of type "ttnn._ttnn.operations.unary.logical_not_t"
 - leaked instance 0x1b9cc510 of type "ttnn._ttnn.operations.moreh.moreh_fold_t"
 - leaked instance 0x1b845a30 of type "ttnn._ttnn.operations.unary_backward.floor_bw_t"
 - leaked instance 0x1b2e0090 of type "ttnn._ttnn.operations.unary.log_t"
 - leaked instance 0x1b48dfc0 of type "ttnn._ttnn.operations.unary.hardtanh_t"
 - ... skipped remainder
nanobind: leaked 532 types!
 - leaked type "ttnn._ttnn.operations.binary.lt__t"
 - leaked type "ttnn._ttnn.operations.binary_backward.xlogy_bw_t"
 - leaked type "ttnn._ttnn.operations.reduction.var_t"
 - leaked type "DispatchCoreAxis"
 - leaked type "ttnn._ttnn.operations.unary.fill_t"
 - leaked type "ttnn._ttnn.operations.data_movement.gather_t"
 - leaked type "ttnn._ttnn.operations.point_to_point.point_to_point_t"
 - leaked type "ttnn._ttnn.operations.ternary.where_t"
 - leaked type "ttnn._ttnn.device.SubDeviceManagerId"
 - leaked type "ttnn._ttnn.operations.binary.pow_t"
 - ... skipped remainder
nanobind: leaked 2335 functions!
 - leaked function "dims"
 - leaked function "__call__"
 - leaked function ""
 - leaked function ""
 - leaked function ""
 - leaked function "__call__"
 - leaked function ""
 - leaked function ""
 - leaked function "disable_asynchronous_slow_dispatch"
 - leaked function ""
 - ... skipped remainder
nanobind: this is likely caused by a reference counting issue in the binding code.
See https://nanobind.readthedocs.io/en/latest/refleaks.html
=== check: verify_weights.py ===
PASSED
verify_weights.py does not exist for step implement_pytest, as expected