=== check: pytest main.py ===
PASSED
============================= test session starts ==============================
platform linux -- Python 3.12.3, pytest-9.0.3, pluggy-1.6.0
rootdir: /localdev/svuckovic/_workspace/repos/project-alchemy/ttnn-models/meta-llama/Llama-3.2-1B-Instruct/model/graph_0
plugins: jaxtyping-0.3.9, metadata-3.1.1, forked-1.6.0, anyio-4.13.0, json-report-1.5.0, split-0.11.0
collected 1 item

main.py Device: MeshDevice(1x1 grid, 1 devices)

PCC: 1.007812
.

=============================== warnings summary ===============================
../../../../../tt-xla/venv/lib/python3.12/site-packages/torch/jit/_script.py:362: 14 warnings
  /localdev/svuckovic/_workspace/repos/project-alchemy/tt-xla/venv/lib/python3.12/site-packages/torch/jit/_script.py:362: DeprecationWarning: `torch.jit.script_method` is deprecated. Please switch to `torch.compile` or `torch.export`.
    warnings.warn(

<frozen importlib._bootstrap>:488
  <frozen importlib._bootstrap>:488: DeprecationWarning: builtin type SwigPyPacked has no __module__ attribute

<frozen importlib._bootstrap>:488
  <frozen importlib._bootstrap>:488: DeprecationWarning: builtin type SwigPyObject has no __module__ attribute

-- Docs: https://docs.pytest.org/en/stable/how-to/capture-warnings.html
======================= 1 passed, 16 warnings in 18.94s ========================
2026-05-28 10:13:21.199 | WARNING  | torch_plugin_tt:__init__:40 - TT plugin is setting XLA_STABLEHLO_COMPILE to 1. This is required for TT PJRT plugin to work correctly.
[transformers] `torch_dtype` is deprecated! Use `dtype` instead!

Loading weights:   0%|          | 0/146 [00:00<?, ?it/s]
Loading weights: 100%|██████████| 146/146 [00:00<00:00, 32953.15it/s]

Loading weights:   0%|          | 0/146 [00:00<?, ?it/s]
Loading weights: 100%|██████████| 146/146 [00:00<00:00, 26162.88it/s]

Loading weights:   0%|          | 0/146 [00:00<?, ?it/s]
Loading weights: 100%|██████████| 146/146 [00:00<00:00, 31020.13it/s]
sys:1: DeprecationWarning: builtin type swigvarlink has no __module__ attribute
nanobind: leaked 473 instances!
 - leaked instance 0x13af74b0 of type "ttnn._ttnn.operations.binary.remainder_t"
 - leaked instance 0x13280c70 of type "ttnn._ttnn.operations.unary.gez_t"
 - leaked instance 0x13b7c140 of type "ttnn._ttnn.operations.unary_backward.sin_bw_t"
 - leaked instance 0x707cc7827108 of type "ttnn._ttnn.tensor.MemoryConfig"
 - leaked instance 0x13b53950 of type "ttnn._ttnn.operations.quantization.dequantize_t"
 - leaked instance 0x13b58840 of type "ttnn._ttnn.operations.ternary.lerp_t"
 - leaked instance 0x137a25f0 of type "ttnn._ttnn.operations.unary.log1p_t"
 - leaked instance 0x13b3bef0 of type "ttnn._ttnn.operations.binary.outer_t"
 - leaked instance 0x13b16590 of type "ttnn._ttnn.operations.binary.addalpha_t"
 - leaked instance 0x1383afa0 of type "ttnn._ttnn.operations.binary.squared_difference_t"
 - leaked instance 0x13b26af0 of type "ttnn._ttnn.operations.binary.logical_xor_t"
 - leaked instance 0x1364f010 of type "ttnn._ttnn.operations.core.to_layout_t"
 - leaked instance 0x13bfd9a0 of type "ttnn._ttnn.operations.data_movement.tilize_with_val_padding_t"
 - leaked instance 0x13c39870 of type "ttnn._ttnn.operations.pool.grid_sample_t"
 - leaked instance 0x13acaf70 of type "ttnn._ttnn.operations.ccl.all_to_all_dispatch_t"
 - leaked instance 0x13bfe470 of type "ttnn._ttnn.operations.data_movement.tilize_with_zero_padding_t"
 - leaked instance 0x13b7cc00 of type "ttnn._ttnn.operations.unary_backward.sinh_bw_t"
 - leaked instance 0x13469690 of type "ttnn._ttnn.operations.binary.atan2_t"
 - leaked instance 0x13c516b0 of type "ttnn._ttnn.operations.normalization.layer_norm_pre_all_gather_t"
 - leaked instance 0x13d0a960 of type "ttnn._ttnn.operations.moreh.moreh_softmin_t"
 - ... skipped remainder
nanobind: leaked 533 types!
 - leaked type "ttnn._ttnn.operations.binary.lt__t"
 - leaked type "ttnn._ttnn.operations.binary_backward.xlogy_bw_t"
 - leaked type "ttnn._ttnn.operations.reduction.var_t"
 - leaked type "DispatchCoreAxis"
 - leaked type "ttnn._ttnn.operations.unary.fill_t"
 - leaked type "ttnn._ttnn.operations.data_movement.gather_t"
 - leaked type "ttnn._ttnn.operations.point_to_point.point_to_point_t"
 - leaked type "ttnn._ttnn.operations.ternary.where_t"
 - leaked type "ttnn._ttnn.device.SubDeviceManagerId"
 - leaked type "ttnn._ttnn.operations.binary.pow_t"
 - ... skipped remainder
nanobind: leaked 2337 functions!
 - leaked function ""
 - leaked function ""
 - leaked function "allocate_tensor_on_device"
 - leaked function ""
 - leaked function ""
 - leaked function ""
 - leaked function ""
 - leaked function ""
 - leaked function ""
 - leaked function "__call__"
 - ... skipped remainder
nanobind: this is likely caused by a reference counting issue in the binding code.
See https://nanobind.readthedocs.io/en/latest/refleaks.html
=== check: verify_weights.py ===
PASSED
verify_weights.py does not exist for step implement_pytest, as expected